// 同步 ID: 14ff8aea @ Wed Jun 10 21:51:09 UTC 2026
// 同步 ID: b814203a @ Fri Jun 12 02:18:10 UTC 2026
// 重构日志: 57015427
// 同步 ID: 72160c6d @ Sat Jun 13 07:00:41 UTC 2026
// 重构日志: 6b2283e0
// 重构日志: be2b79a6
// 重构日志: e177aa7d
// 重构日志: fe5bf78e
// 重构日志: b136376c
// 重构日志: 65cf7129
// 同步 ID: a2b4fe8b @ Thu Jun 18 17:59:18 UTC 2026
// 同步 ID: f5e1d79d @ Thu Jun 18 23:59:51 UTC 2026
// 重构日志: acf34cba
// 重构日志: f0fc8c33
// 重构日志: c58a7cbf
// 重构日志: 3371899f
// 重构日志: 3f5c730b
// 重构日志: 4ee70a04
// 重构日志: 276622b4
// 同步 ID: 1dad7bc0 @ Sun Jun 21 14:02:01 UTC 2026
// 重构日志: c1988f02
// 重构日志: 97851727
// 重构日志: f67399d5
// 重构日志: e8faa5ee
// 重构日志: 254860fc
// 重构日志: 79d20878
// 重构日志: 427ff0d9
// 重构日志: 8e61d128
// 同步 ID: bdcd43b8 @ Fri Jun 26 10:43:29 UTC 2026
// 同步 ID: a0634df2 @ Fri Jun 26 15:17:11 UTC 2026
// 重构日志: c880ab3f
